[2025-10-15 08:25:53] production.ERROR: file_get_contents(C:\xampp\htdocs\projeto-web-2-teste-ssh\.env): Failed to open stream: No such file or directory {"exception":"[object] (ErrorException(code: 0): file_get_contents(C:\\xampp\\htdocs\\projeto-web-2-teste-ssh\\.env): Failed to open stream: No such file or directory at C:\\xampp\\htdocs\\projeto-web-2-teste-ssh\\vendor\\laravel\\framework\\src\\Illuminate\\Foundation\\Console\\KeyGenerateCommand.php:100)
[stacktrace]
#0 C:\\xampp\\htdocs\\projeto-web-2-teste-ssh\\vendor\\laravel\\framework\\src\\Illuminate\\Foundation\\Bootstrap\\HandleExceptions.php(258): Illuminate\\Foundation\\Bootstrap\\HandleExceptions->handleError()
#1 [internal function]: Illuminate\\Foundation\\Bootstrap\\HandleExceptions->{closure:Illuminate\\Foundation\\Bootstrap\\HandleExceptions::forwardsTo():257}()
#2 C:\\xampp\\htdocs\\projeto-web-2-teste-ssh\\vendor\\laravel\\framework\\src\\Illuminate\\Foundation\\Console\\KeyGenerateCommand.php(100): file_get_contents()
#3 C:\\xampp\\htdocs\\projeto-web-2-teste-ssh\\vendor\\laravel\\framework\\src\\Illuminate\\Foundation\\Console\\KeyGenerateCommand.php(82): Illuminate\\Foundation\\Console\\KeyGenerateCommand->writeNewEnvironmentFileWith()
#4 C:\\xampp\\htdocs\\projeto-web-2-teste-ssh\\vendor\\laravel\\framework\\src\\Illuminate\\Foundation\\Console\\KeyGenerateCommand.php(47): Illuminate\\Foundation\\Console\\KeyGenerateCommand->setKeyInEnvironmentFile()
#5 C:\\xampp\\htdocs\\projeto-web-2-teste-ssh\\vendor\\laravel\\framework\\src\\Illuminate\\Container\\BoundMethod.php(36): Illuminate\\Foundation\\Console\\KeyGenerateCommand->handle()
#6 C:\\xampp\\htdocs\\projeto-web-2-teste-ssh\\vendor\\laravel\\framework\\src\\Illuminate\\Container\\Util.php(43): Illuminate\\Container\\BoundMethod::{closure:Illuminate\\Container\\BoundMethod::call():35}()
#7 C:\\xampp\\htdocs\\projeto-web-2-teste-ssh\\vendor\\laravel\\framework\\src\\Illuminate\\Container\\BoundMethod.php(95): Illuminate\\Container\\Util::unwrapIfClosure()
#8 C:\\xampp\\htdocs\\projeto-web-2-teste-ssh\\vendor\\laravel\\framework\\src\\Illuminate\\Container\\BoundMethod.php(35): Illuminate\\Container\\BoundMethod::callBoundMethod()
#9 C:\\xampp\\htdocs\\projeto-web-2-teste-ssh\\vendor\\laravel\\framework\\src\\Illuminate\\Container\\Container.php(696): Illuminate\\Container\\BoundMethod::call()
#10 C:\\xampp\\htdocs\\projeto-web-2-teste-ssh\\vendor\\laravel\\framework\\src\\Illuminate\\Console\\Command.php(213): Illuminate\\Container\\Container->call()
#11 C:\\xampp\\htdocs\\projeto-web-2-teste-ssh\\vendor\\symfony\\console\\Command\\Command.php(318): Illuminate\\Console\\Command->execute()
#12 C:\\xampp\\htdocs\\projeto-web-2-teste-ssh\\vendor\\laravel\\framework\\src\\Illuminate\\Console\\Command.php(182): Symfony\\Component\\Console\\Command\\Command->run()
#13 C:\\xampp\\htdocs\\projeto-web-2-teste-ssh\\vendor\\symfony\\console\\Application.php(1110): Illuminate\\Console\\Command->run()
#14 C:\\xampp\\htdocs\\projeto-web-2-teste-ssh\\vendor\\symfony\\console\\Application.php(359): Symfony\\Component\\Console\\Application->doRunCommand()
#15 C:\\xampp\\htdocs\\projeto-web-2-teste-ssh\\vendor\\symfony\\console\\Application.php(194): Symfony\\Component\\Console\\Application->doRun()
#16 C:\\xampp\\htdocs\\projeto-web-2-teste-ssh\\vendor\\laravel\\framework\\src\\Illuminate\\Foundation\\Console\\Kernel.php(198): Symfony\\Component\\Console\\Application->run()
#17 C:\\xampp\\htdocs\\projeto-web-2-teste-ssh\\artisan(13): Illuminate\\Foundation\\Console\\Kernel->handle()
#18 {main}
"} 
[2025-10-15 08:26:25] local.ERROR: could not find driver (Connection: sqlite, SQL: PRAGMA foreign_keys = ON;) {"exception":"[object] (Illuminate\\Database\\QueryException(code: 0): could not find driver (Connection: sqlite, SQL: PRAGMA foreign_keys = ON;) at C:\\xampp\\htdocs\\projeto-web-2-teste-ssh\\vendor\\laravel\\framework\\src\\Illuminate\\Database\\Connection.php:825)
[stacktrace]
#0 C:\\xampp\\htdocs\\projeto-web-2-teste-ssh\\vendor\\laravel\\framework\\src\\Illuminate\\Database\\Connection.php(779): Illuminate\\Database\\Connection->runQueryCallback()
#1 C:\\xampp\\htdocs\\projeto-web-2-teste-ssh\\vendor\\laravel\\framework\\src\\Illuminate\\Database\\Connection.php(560): Illuminate\\Database\\Connection->run()
#2 C:\\xampp\\htdocs\\projeto-web-2-teste-ssh\\vendor\\laravel\\framework\\src\\Illuminate\\Database\\Schema\\Builder.php(522): Illuminate\\Database\\Connection->statement()
#3 C:\\xampp\\htdocs\\projeto-web-2-teste-ssh\\vendor\\laravel\\framework\\src\\Illuminate\\Database\\SQLiteConnection.php(59): Illuminate\\Database\\Schema\\Builder->enableForeignKeyConstraints()
#4 C:\\xampp\\htdocs\\projeto-web-2-teste-ssh\\vendor\\laravel\\framework\\src\\Illuminate\\Database\\SQLiteConnection.php(28): Illuminate\\Database\\SQLiteConnection->configureForeignKeyConstraints()
#5 C:\\xampp\\htdocs\\projeto-web-2-teste-ssh\\vendor\\laravel\\framework\\src\\Illuminate\\Database\\Connectors\\ConnectionFactory.php(277): Illuminate\\Database\\SQLiteConnection->__construct()
#6 C:\\xampp\\htdocs\\projeto-web-2-teste-ssh\\vendor\\laravel\\framework\\src\\Illuminate\\Database\\Connectors\\ConnectionFactory.php(76): Illuminate\\Database\\Connectors\\ConnectionFactory->createConnection()
#7 C:\\xampp\\htdocs\\projeto-web-2-teste-ssh\\vendor\\laravel\\framework\\src\\Illuminate\\Database\\Connectors\\ConnectionFactory.php(51): Illuminate\\Database\\Connectors\\ConnectionFactory->createSingleConnection()
#8 C:\\xampp\\htdocs\\projeto-web-2-teste-ssh\\vendor\\laravel\\framework\\src\\Illuminate\\Database\\DatabaseManager.php(207): Illuminate\\Database\\Connectors\\ConnectionFactory->make()
#9 C:\\xampp\\htdocs\\projeto-web-2-teste-ssh\\vendor\\laravel\\framework\\src\\Illuminate\\Database\\DatabaseManager.php(103): Illuminate\\Database\\DatabaseManager->makeConnection()
#10 C:\\xampp\\htdocs\\projeto-web-2-teste-ssh\\vendor\\laravel\\framework\\src\\Illuminate\\Database\\Migrations\\DatabaseMigrationRepository.php(226): Illuminate\\Database\\DatabaseManager->connection()
#11 C:\\xampp\\htdocs\\projeto-web-2-teste-ssh\\vendor\\laravel\\framework\\src\\Illuminate\\Database\\Migrations\\DatabaseMigrationRepository.php(182): Illuminate\\Database\\Migrations\\DatabaseMigrationRepository->getConnection()
#12 C:\\xampp\\htdocs\\projeto-web-2-teste-ssh\\vendor\\laravel\\framework\\src\\Illuminate\\Database\\Migrations\\Migrator.php(742): Illuminate\\Database\\Migrations\\DatabaseMigrationRepository->repositoryExists()
#13 C:\\xampp\\htdocs\\projeto-web-2-teste-ssh\\vendor\\laravel\\framework\\src\\Illuminate\\Database\\Console\\Migrations\\MigrateCommand.php(165): Illuminate\\Database\\Migrations\\Migrator->repositoryExists()
#14 C:\\xampp\\htdocs\\projeto-web-2-teste-ssh\\vendor\\laravel\\framework\\src\\Illuminate\\Support\\helpers.php(338): Illuminate\\Database\\Console\\Migrations\\MigrateCommand->{closure:Illuminate\\Database\\Console\\Migrations\\MigrateCommand::repositoryExists():165}()
#15 C:\\xampp\\htdocs\\projeto-web-2-teste-ssh\\vendor\\laravel\\framework\\src\\Illuminate\\Database\\Console\\Migrations\\MigrateCommand.php(165): retry()
#16 C:\\xampp\\htdocs\\projeto-web-2-teste-ssh\\vendor\\laravel\\framework\\src\\Illuminate\\Database\\Console\\Migrations\\MigrateCommand.php(141): Illuminate\\Database\\Console\\Migrations\\MigrateCommand->repositoryExists()
#17 C:\\xampp\\htdocs\\projeto-web-2-teste-ssh\\vendor\\laravel\\framework\\src\\Illuminate\\Database\\Console\\Migrations\\MigrateCommand.php(111): Illuminate\\Database\\Console\\Migrations\\MigrateCommand->prepareDatabase()
#18 C:\\xampp\\htdocs\\projeto-web-2-teste-ssh\\vendor\\laravel\\framework\\src\\Illuminate\\Database\\Migrations\\Migrator.php(658): Illuminate\\Database\\Console\\Migrations\\MigrateCommand->{closure:Illuminate\\Database\\Console\\Migrations\\MigrateCommand::runMigrations():110}()
#19 C:\\xampp\\htdocs\\projeto-web-2-teste-ssh\\vendor\\laravel\\framework\\src\\Illuminate\\Database\\Console\\Migrations\\MigrateCommand.php(110): Illuminate\\Database\\Migrations\\Migrator->usingConnection()
#20 C:\\xampp\\htdocs\\projeto-web-2-teste-ssh\\vendor\\laravel\\framework\\src\\Illuminate\\Database\\Console\\Migrations\\MigrateCommand.php(89): Illuminate\\Database\\Console\\Migrations\\MigrateCommand->runMigrations()
#21 C:\\xampp\\htdocs\\projeto-web-2-teste-ssh\\vendor\\laravel\\framework\\src\\Illuminate\\Container\\BoundMethod.php(36): Illuminate\\Database\\Console\\Migrations\\MigrateCommand->handle()
#22 C:\\xampp\\htdocs\\projeto-web-2-teste-ssh\\vendor\\laravel\\framework\\src\\Illuminate\\Container\\Util.php(43): Illuminate\\Container\\BoundMethod::{closure:Illuminate\\Container\\BoundMethod::call():35}()
#23 C:\\xampp\\htdocs\\projeto-web-2-teste-ssh\\vendor\\laravel\\framework\\src\\Illuminate\\Container\\BoundMethod.php(95): Illuminate\\Container\\Util::unwrapIfClosure()
#24 C:\\xampp\\htdocs\\projeto-web-2-teste-ssh\\vendor\\laravel\\framework\\src\\Illuminate\\Container\\BoundMethod.php(35): Illuminate\\Container\\BoundMethod::callBoundMethod()
#25 C:\\xampp\\htdocs\\projeto-web-2-teste-ssh\\vendor\\laravel\\framework\\src\\Illuminate\\Container\\Container.php(696): Illuminate\\Container\\BoundMethod::call()
#26 C:\\xampp\\htdocs\\projeto-web-2-teste-ssh\\vendor\\laravel\\framework\\src\\Illuminate\\Console\\Command.php(213): Illuminate\\Container\\Container->call()
#27 C:\\xampp\\htdocs\\projeto-web-2-teste-ssh\\vendor\\symfony\\console\\Command\\Command.php(318): Illuminate\\Console\\Command->execute()
#28 C:\\xampp\\htdocs\\projeto-web-2-teste-ssh\\vendor\\laravel\\framework\\src\\Illuminate\\Console\\Command.php(182): Symfony\\Component\\Console\\Command\\Command->run()
#29 C:\\xampp\\htdocs\\projeto-web-2-teste-ssh\\vendor\\symfony\\console\\Application.php(1110): Illuminate\\Console\\Command->run()
#30 C:\\xampp\\htdocs\\projeto-web-2-teste-ssh\\vendor\\symfony\\console\\Application.php(359): Symfony\\Component\\Console\\Application->doRunCommand()
#31 C:\\xampp\\htdocs\\projeto-web-2-teste-ssh\\vendor\\symfony\\console\\Application.php(194): Symfony\\Component\\Console\\Application->doRun()
#32 C:\\xampp\\htdocs\\projeto-web-2-teste-ssh\\vendor\\laravel\\framework\\src\\Illuminate\\Foundation\\Console\\Kernel.php(198): Symfony\\Component\\Console\\Application->run()
#33 C:\\xampp\\htdocs\\projeto-web-2-teste-ssh\\artisan(13): Illuminate\\Foundation\\Console\\Kernel->handle()
#34 {main}

[previous exception] [object] (PDOException(code: 0): could not find driver at C:\\xampp\\htdocs\\projeto-web-2-teste-ssh\\vendor\\laravel\\framework\\src\\Illuminate\\Database\\Connectors\\Connector.php:67)
[stacktrace]
#0 C:\\xampp\\htdocs\\projeto-web-2-teste-ssh\\vendor\\laravel\\framework\\src\\Illuminate\\Database\\Connectors\\Connector.php(67): PDO::connect()
#1 C:\\xampp\\htdocs\\projeto-web-2-teste-ssh\\vendor\\laravel\\framework\\src\\Illuminate\\Database\\Connectors\\Connector.php(44): Illuminate\\Database\\Connectors\\Connector->createPdoConnection()
#2 C:\\xampp\\htdocs\\projeto-web-2-teste-ssh\\vendor\\laravel\\framework\\src\\Illuminate\\Database\\Connectors\\SQLiteConnector.php(40): Illuminate\\Database\\Connectors\\Connector->createConnection()
#3 C:\\xampp\\htdocs\\projeto-web-2-teste-ssh\\vendor\\laravel\\framework\\src\\Illuminate\\Database\\Connectors\\ConnectionFactory.php(224): Illuminate\\Database\\Connectors\\SQLiteConnector->connect()
#4 [internal function]: Illuminate\\Database\\Connectors\\ConnectionFactory->{closure:Illuminate\\Database\\Connectors\\ConnectionFactory::createPdoResolverWithoutHosts():224}()
#5 C:\\xampp\\htdocs\\projeto-web-2-teste-ssh\\vendor\\laravel\\framework\\src\\Illuminate\\Database\\Connection.php(1231): call_user_func()
#6 C:\\xampp\\htdocs\\projeto-web-2-teste-ssh\\vendor\\laravel\\framework\\src\\Illuminate\\Database\\Connection.php(565): Illuminate\\Database\\Connection->getPdo()
#7 C:\\xampp\\htdocs\\projeto-web-2-teste-ssh\\vendor\\laravel\\framework\\src\\Illuminate\\Database\\Connection.php(812): Illuminate\\Database\\Connection->{closure:Illuminate\\Database\\Connection::statement():560}()
#8 C:\\xampp\\htdocs\\projeto-web-2-teste-ssh\\vendor\\laravel\\framework\\src\\Illuminate\\Database\\Connection.php(779): Illuminate\\Database\\Connection->runQueryCallback()
#9 C:\\xampp\\htdocs\\projeto-web-2-teste-ssh\\vendor\\laravel\\framework\\src\\Illuminate\\Database\\Connection.php(560): Illuminate\\Database\\Connection->run()
#10 C:\\xampp\\htdocs\\projeto-web-2-teste-ssh\\vendor\\laravel\\framework\\src\\Illuminate\\Database\\Schema\\Builder.php(522): Illuminate\\Database\\Connection->statement()
#11 C:\\xampp\\htdocs\\projeto-web-2-teste-ssh\\vendor\\laravel\\framework\\src\\Illuminate\\Database\\SQLiteConnection.php(59): Illuminate\\Database\\Schema\\Builder->enableForeignKeyConstraints()
#12 C:\\xampp\\htdocs\\projeto-web-2-teste-ssh\\vendor\\laravel\\framework\\src\\Illuminate\\Database\\SQLiteConnection.php(28): Illuminate\\Database\\SQLiteConnection->configureForeignKeyConstraints()
#13 C:\\xampp\\htdocs\\projeto-web-2-teste-ssh\\vendor\\laravel\\framework\\src\\Illuminate\\Database\\Connectors\\ConnectionFactory.php(277): Illuminate\\Database\\SQLiteConnection->__construct()
#14 C:\\xampp\\htdocs\\projeto-web-2-teste-ssh\\vendor\\laravel\\framework\\src\\Illuminate\\Database\\Connectors\\ConnectionFactory.php(76): Illuminate\\Database\\Connectors\\ConnectionFactory->createConnection()
#15 C:\\xampp\\htdocs\\projeto-web-2-teste-ssh\\vendor\\laravel\\framework\\src\\Illuminate\\Database\\Connectors\\ConnectionFactory.php(51): Illuminate\\Database\\Connectors\\ConnectionFactory->createSingleConnection()
#16 C:\\xampp\\htdocs\\projeto-web-2-teste-ssh\\vendor\\laravel\\framework\\src\\Illuminate\\Database\\DatabaseManager.php(207): Illuminate\\Database\\Connectors\\ConnectionFactory->make()
#17 C:\\xampp\\htdocs\\projeto-web-2-teste-ssh\\vendor\\laravel\\framework\\src\\Illuminate\\Database\\DatabaseManager.php(103): Illuminate\\Database\\DatabaseManager->makeConnection()
#18 C:\\xampp\\htdocs\\projeto-web-2-teste-ssh\\vendor\\laravel\\framework\\src\\Illuminate\\Database\\Migrations\\DatabaseMigrationRepository.php(226): Illuminate\\Database\\DatabaseManager->connection()
#19 C:\\xampp\\htdocs\\projeto-web-2-teste-ssh\\vendor\\laravel\\framework\\src\\Illuminate\\Database\\Migrations\\DatabaseMigrationRepository.php(182): Illuminate\\Database\\Migrations\\DatabaseMigrationRepository->getConnection()
#20 C:\\xampp\\htdocs\\projeto-web-2-teste-ssh\\vendor\\laravel\\framework\\src\\Illuminate\\Database\\Migrations\\Migrator.php(742): Illuminate\\Database\\Migrations\\DatabaseMigrationRepository->repositoryExists()
#21 C:\\xampp\\htdocs\\projeto-web-2-teste-ssh\\vendor\\laravel\\framework\\src\\Illuminate\\Database\\Console\\Migrations\\MigrateCommand.php(165): Illuminate\\Database\\Migrations\\Migrator->repositoryExists()
#22 C:\\xampp\\htdocs\\projeto-web-2-teste-ssh\\vendor\\laravel\\framework\\src\\Illuminate\\Support\\helpers.php(338): Illuminate\\Database\\Console\\Migrations\\MigrateCommand->{closure:Illuminate\\Database\\Console\\Migrations\\MigrateCommand::repositoryExists():165}()
#23 C:\\xampp\\htdocs\\projeto-web-2-teste-ssh\\vendor\\laravel\\framework\\src\\Illuminate\\Database\\Console\\Migrations\\MigrateCommand.php(165): retry()
#24 C:\\xampp\\htdocs\\projeto-web-2-teste-ssh\\vendor\\laravel\\framework\\src\\Illuminate\\Database\\Console\\Migrations\\MigrateCommand.php(141): Illuminate\\Database\\Console\\Migrations\\MigrateCommand->repositoryExists()
#25 C:\\xampp\\htdocs\\projeto-web-2-teste-ssh\\vendor\\laravel\\framework\\src\\Illuminate\\Database\\Console\\Migrations\\MigrateCommand.php(111): Illuminate\\Database\\Console\\Migrations\\MigrateCommand->prepareDatabase()
#26 C:\\xampp\\htdocs\\projeto-web-2-teste-ssh\\vendor\\laravel\\framework\\src\\Illuminate\\Database\\Migrations\\Migrator.php(658): Illuminate\\Database\\Console\\Migrations\\MigrateCommand->{closure:Illuminate\\Database\\Console\\Migrations\\MigrateCommand::runMigrations():110}()
#27 C:\\xampp\\htdocs\\projeto-web-2-teste-ssh\\vendor\\laravel\\framework\\src\\Illuminate\\Database\\Console\\Migrations\\MigrateCommand.php(110): Illuminate\\Database\\Migrations\\Migrator->usingConnection()
#28 C:\\xampp\\htdocs\\projeto-web-2-teste-ssh\\vendor\\laravel\\framework\\src\\Illuminate\\Database\\Console\\Migrations\\MigrateCommand.php(89): Illuminate\\Database\\Console\\Migrations\\MigrateCommand->runMigrations()
#29 C:\\xampp\\htdocs\\projeto-web-2-teste-ssh\\vendor\\laravel\\framework\\src\\Illuminate\\Container\\BoundMethod.php(36): Illuminate\\Database\\Console\\Migrations\\MigrateCommand->handle()
#30 C:\\xampp\\htdocs\\projeto-web-2-teste-ssh\\vendor\\laravel\\framework\\src\\Illuminate\\Container\\Util.php(43): Illuminate\\Container\\BoundMethod::{closure:Illuminate\\Container\\BoundMethod::call():35}()
#31 C:\\xampp\\htdocs\\projeto-web-2-teste-ssh\\vendor\\laravel\\framework\\src\\Illuminate\\Container\\BoundMethod.php(95): Illuminate\\Container\\Util::unwrapIfClosure()
#32 C:\\xampp\\htdocs\\projeto-web-2-teste-ssh\\vendor\\laravel\\framework\\src\\Illuminate\\Container\\BoundMethod.php(35): Illuminate\\Container\\BoundMethod::callBoundMethod()
#33 C:\\xampp\\htdocs\\projeto-web-2-teste-ssh\\vendor\\laravel\\framework\\src\\Illuminate\\Container\\Container.php(696): Illuminate\\Container\\BoundMethod::call()
#34 C:\\xampp\\htdocs\\projeto-web-2-teste-ssh\\vendor\\laravel\\framework\\src\\Illuminate\\Console\\Command.php(213): Illuminate\\Container\\Container->call()
#35 C:\\xampp\\htdocs\\projeto-web-2-teste-ssh\\vendor\\symfony\\console\\Command\\Command.php(318): Illuminate\\Console\\Command->execute()
#36 C:\\xampp\\htdocs\\projeto-web-2-teste-ssh\\vendor\\laravel\\framework\\src\\Illuminate\\Console\\Command.php(182): Symfony\\Component\\Console\\Command\\Command->run()
#37 C:\\xampp\\htdocs\\projeto-web-2-teste-ssh\\vendor\\symfony\\console\\Application.php(1110): Illuminate\\Console\\Command->run()
#38 C:\\xampp\\htdocs\\projeto-web-2-teste-ssh\\vendor\\symfony\\console\\Application.php(359): Symfony\\Component\\Console\\Application->doRunCommand()
#39 C:\\xampp\\htdocs\\projeto-web-2-teste-ssh\\vendor\\symfony\\console\\Application.php(194): Symfony\\Component\\Console\\Application->doRun()
#40 C:\\xampp\\htdocs\\projeto-web-2-teste-ssh\\vendor\\laravel\\framework\\src\\Illuminate\\Foundation\\Console\\Kernel.php(198): Symfony\\Component\\Console\\Application->run()
#41 C:\\xampp\\htdocs\\projeto-web-2-teste-ssh\\artisan(13): Illuminate\\Foundation\\Console\\Kernel->handle()
#42 {main}
"} 
[2025-10-15 08:30:55] local.ERROR: SQLSTATE[HY000]: General error: 1 table "certificates" already exists (Connection: sqlite, SQL: create table "certificates" ("id" integer primary key autoincrement not null, "appointment_id" integer not null, "pdf_path" varchar not null, "created_at" datetime, "updated_at" datetime, foreign key("appointment_id") references "appointments"("id") on delete cascade)) {"exception":"[object] (Illuminate\\Database\\QueryException(code: HY000): SQLSTATE[HY000]: General error: 1 table \"certificates\" already exists (Connection: sqlite, SQL: create table \"certificates\" (\"id\" integer primary key autoincrement not null, \"appointment_id\" integer not null, \"pdf_path\" varchar not null, \"created_at\" datetime, \"updated_at\" datetime, foreign key(\"appointment_id\") references \"appointments\"(\"id\") on delete cascade)) at C:\\xampp\\htdocs\\projeto-web-2-teste-ssh\\vendor\\laravel\\framework\\src\\Illuminate\\Database\\Connection.php:825)
[stacktrace]
#0 C:\\xampp\\htdocs\\projeto-web-2-teste-ssh\\vendor\\laravel\\framework\\src\\Illuminate\\Database\\Connection.php(779): Illuminate\\Database\\Connection->runQueryCallback()
#1 C:\\xampp\\htdocs\\projeto-web-2-teste-ssh\\vendor\\laravel\\framework\\src\\Illuminate\\Database\\Connection.php(560): Illuminate\\Database\\Connection->run()
#2 C:\\xampp\\htdocs\\projeto-web-2-teste-ssh\\vendor\\laravel\\framework\\src\\Illuminate\\Database\\Schema\\Blueprint.php(118): Illuminate\\Database\\Connection->statement()
#3 C:\\xampp\\htdocs\\projeto-web-2-teste-ssh\\vendor\\laravel\\framework\\src\\Illuminate\\Database\\Schema\\Builder.php(564): Illuminate\\Database\\Schema\\Blueprint->build()
#4 C:\\xampp\\htdocs\\projeto-web-2-teste-ssh\\vendor\\laravel\\framework\\src\\Illuminate\\Database\\Schema\\Builder.php(418): Illuminate\\Database\\Schema\\Builder->build()
#5 C:\\xampp\\htdocs\\projeto-web-2-teste-ssh\\vendor\\laravel\\framework\\src\\Illuminate\\Support\\Facades\\Facade.php(361): Illuminate\\Database\\Schema\\Builder->create()
#6 C:\\xampp\\htdocs\\projeto-web-2-teste-ssh\\database\\migrations\\2024_01_01_000009_create_certificates_table.php(11): Illuminate\\Support\\Facades\\Facade::__callStatic()
#7 C:\\xampp\\htdocs\\projeto-web-2-teste-ssh\\vendor\\laravel\\framework\\src\\Illuminate\\Database\\Migrations\\Migrator.php(507): Illuminate\\Database\\Migrations\\Migration@anonymous->up()
#8 C:\\xampp\\htdocs\\projeto-web-2-teste-ssh\\vendor\\laravel\\framework\\src\\Illuminate\\Database\\Migrations\\Migrator.php(432): Illuminate\\Database\\Migrations\\Migrator->runMethod()
#9 C:\\xampp\\htdocs\\projeto-web-2-teste-ssh\\vendor\\laravel\\framework\\src\\Illuminate\\Database\\Migrations\\Migrator.php(441): Illuminate\\Database\\Migrations\\Migrator->{closure:Illuminate\\Database\\Migrations\\Migrator::runMigration():428}()
#10 C:\\xampp\\htdocs\\projeto-web-2-teste-ssh\\vendor\\laravel\\framework\\src\\Illuminate\\Database\\Migrations\\Migrator.php(244): Illuminate\\Database\\Migrations\\Migrator->runMigration()
#11 C:\\xampp\\htdocs\\projeto-web-2-teste-ssh\\vendor\\laravel\\framework\\src\\Illuminate\\Console\\View\\Components\\Task.php(40): Illuminate\\Database\\Migrations\\Migrator->{closure:Illuminate\\Database\\Migrations\\Migrator::runUp():244}()
#12 C:\\xampp\\htdocs\\projeto-web-2-teste-ssh\\vendor\\laravel\\framework\\src\\Illuminate\\Database\\Migrations\\Migrator.php(798): Illuminate\\Console\\View\\Components\\Task->render()
#13 C:\\xampp\\htdocs\\projeto-web-2-teste-ssh\\vendor\\laravel\\framework\\src\\Illuminate\\Database\\Migrations\\Migrator.php(244): Illuminate\\Database\\Migrations\\Migrator->write()
#14 C:\\xampp\\htdocs\\projeto-web-2-teste-ssh\\vendor\\laravel\\framework\\src\\Illuminate\\Database\\Migrations\\Migrator.php(211): Illuminate\\Database\\Migrations\\Migrator->runUp()
#15 C:\\xampp\\htdocs\\projeto-web-2-teste-ssh\\vendor\\laravel\\framework\\src\\Illuminate\\Database\\Migrations\\Migrator.php(138): Illuminate\\Database\\Migrations\\Migrator->runPending()
#16 C:\\xampp\\htdocs\\projeto-web-2-teste-ssh\\vendor\\laravel\\framework\\src\\Illuminate\\Database\\Console\\Migrations\\MigrateCommand.php(117): Illuminate\\Database\\Migrations\\Migrator->run()
#17 C:\\xampp\\htdocs\\projeto-web-2-teste-ssh\\vendor\\laravel\\framework\\src\\Illuminate\\Database\\Migrations\\Migrator.php(658): Illuminate\\Database\\Console\\Migrations\\MigrateCommand->{closure:Illuminate\\Database\\Console\\Migrations\\MigrateCommand::runMigrations():110}()
#18 C:\\xampp\\htdocs\\projeto-web-2-teste-ssh\\vendor\\laravel\\framework\\src\\Illuminate\\Database\\Console\\Migrations\\MigrateCommand.php(110): Illuminate\\Database\\Migrations\\Migrator->usingConnection()
#19 C:\\xampp\\htdocs\\projeto-web-2-teste-ssh\\vendor\\laravel\\framework\\src\\Illuminate\\Database\\Console\\Migrations\\MigrateCommand.php(89): Illuminate\\Database\\Console\\Migrations\\MigrateCommand->runMigrations()
#20 C:\\xampp\\htdocs\\projeto-web-2-teste-ssh\\vendor\\laravel\\framework\\src\\Illuminate\\Container\\BoundMethod.php(36): Illuminate\\Database\\Console\\Migrations\\MigrateCommand->handle()
#21 C:\\xampp\\htdocs\\projeto-web-2-teste-ssh\\vendor\\laravel\\framework\\src\\Illuminate\\Container\\Util.php(43): Illuminate\\Container\\BoundMethod::{closure:Illuminate\\Container\\BoundMethod::call():35}()
#22 C:\\xampp\\htdocs\\projeto-web-2-teste-ssh\\vendor\\laravel\\framework\\src\\Illuminate\\Container\\BoundMethod.php(95): Illuminate\\Container\\Util::unwrapIfClosure()
#23 C:\\xampp\\htdocs\\projeto-web-2-teste-ssh\\vendor\\laravel\\framework\\src\\Illuminate\\Container\\BoundMethod.php(35): Illuminate\\Container\\BoundMethod::callBoundMethod()
#24 C:\\xampp\\htdocs\\projeto-web-2-teste-ssh\\vendor\\laravel\\framework\\src\\Illuminate\\Container\\Container.php(696): Illuminate\\Container\\BoundMethod::call()
#25 C:\\xampp\\htdocs\\projeto-web-2-teste-ssh\\vendor\\laravel\\framework\\src\\Illuminate\\Console\\Command.php(213): Illuminate\\Container\\Container->call()
#26 C:\\xampp\\htdocs\\projeto-web-2-teste-ssh\\vendor\\symfony\\console\\Command\\Command.php(318): Illuminate\\Console\\Command->execute()
#27 C:\\xampp\\htdocs\\projeto-web-2-teste-ssh\\vendor\\laravel\\framework\\src\\Illuminate\\Console\\Command.php(182): Symfony\\Component\\Console\\Command\\Command->run()
#28 C:\\xampp\\htdocs\\projeto-web-2-teste-ssh\\vendor\\symfony\\console\\Application.php(1110): Illuminate\\Console\\Command->run()
#29 C:\\xampp\\htdocs\\projeto-web-2-teste-ssh\\vendor\\symfony\\console\\Application.php(359): Symfony\\Component\\Console\\Application->doRunCommand()
#30 C:\\xampp\\htdocs\\projeto-web-2-teste-ssh\\vendor\\symfony\\console\\Application.php(194): Symfony\\Component\\Console\\Application->doRun()
#31 C:\\xampp\\htdocs\\projeto-web-2-teste-ssh\\vendor\\laravel\\framework\\src\\Illuminate\\Foundation\\Console\\Kernel.php(198): Symfony\\Component\\Console\\Application->run()
#32 C:\\xampp\\htdocs\\projeto-web-2-teste-ssh\\artisan(13): Illuminate\\Foundation\\Console\\Kernel->handle()
#33 {main}

[previous exception] [object] (PDOException(code: HY000): SQLSTATE[HY000]: General error: 1 table \"certificates\" already exists at C:\\xampp\\htdocs\\projeto-web-2-teste-ssh\\vendor\\laravel\\framework\\src\\Illuminate\\Database\\Connection.php:565)
[stacktrace]
#0 C:\\xampp\\htdocs\\projeto-web-2-teste-ssh\\vendor\\laravel\\framework\\src\\Illuminate\\Database\\Connection.php(565): PDO->prepare()
#1 C:\\xampp\\htdocs\\projeto-web-2-teste-ssh\\vendor\\laravel\\framework\\src\\Illuminate\\Database\\Connection.php(812): Illuminate\\Database\\Connection->{closure:Illuminate\\Database\\Connection::statement():560}()
#2 C:\\xampp\\htdocs\\projeto-web-2-teste-ssh\\vendor\\laravel\\framework\\src\\Illuminate\\Database\\Connection.php(779): Illuminate\\Database\\Connection->runQueryCallback()
#3 C:\\xampp\\htdocs\\projeto-web-2-teste-ssh\\vendor\\laravel\\framework\\src\\Illuminate\\Database\\Connection.php(560): Illuminate\\Database\\Connection->run()
#4 C:\\xampp\\htdocs\\projeto-web-2-teste-ssh\\vendor\\laravel\\framework\\src\\Illuminate\\Database\\Schema\\Blueprint.php(118): Illuminate\\Database\\Connection->statement()
#5 C:\\xampp\\htdocs\\projeto-web-2-teste-ssh\\vendor\\laravel\\framework\\src\\Illuminate\\Database\\Schema\\Builder.php(564): Illuminate\\Database\\Schema\\Blueprint->build()
#6 C:\\xampp\\htdocs\\projeto-web-2-teste-ssh\\vendor\\laravel\\framework\\src\\Illuminate\\Database\\Schema\\Builder.php(418): Illuminate\\Database\\Schema\\Builder->build()
#7 C:\\xampp\\htdocs\\projeto-web-2-teste-ssh\\vendor\\laravel\\framework\\src\\Illuminate\\Support\\Facades\\Facade.php(361): Illuminate\\Database\\Schema\\Builder->create()
#8 C:\\xampp\\htdocs\\projeto-web-2-teste-ssh\\database\\migrations\\2024_01_01_000009_create_certificates_table.php(11): Illuminate\\Support\\Facades\\Facade::__callStatic()
#9 C:\\xampp\\htdocs\\projeto-web-2-teste-ssh\\vendor\\laravel\\framework\\src\\Illuminate\\Database\\Migrations\\Migrator.php(507): Illuminate\\Database\\Migrations\\Migration@anonymous->up()
#10 C:\\xampp\\htdocs\\projeto-web-2-teste-ssh\\vendor\\laravel\\framework\\src\\Illuminate\\Database\\Migrations\\Migrator.php(432): Illuminate\\Database\\Migrations\\Migrator->runMethod()
#11 C:\\xampp\\htdocs\\projeto-web-2-teste-ssh\\vendor\\laravel\\framework\\src\\Illuminate\\Database\\Migrations\\Migrator.php(441): Illuminate\\Database\\Migrations\\Migrator->{closure:Illuminate\\Database\\Migrations\\Migrator::runMigration():428}()
#12 C:\\xampp\\htdocs\\projeto-web-2-teste-ssh\\vendor\\laravel\\framework\\src\\Illuminate\\Database\\Migrations\\Migrator.php(244): Illuminate\\Database\\Migrations\\Migrator->runMigration()
#13 C:\\xampp\\htdocs\\projeto-web-2-teste-ssh\\vendor\\laravel\\framework\\src\\Illuminate\\Console\\View\\Components\\Task.php(40): Illuminate\\Database\\Migrations\\Migrator->{closure:Illuminate\\Database\\Migrations\\Migrator::runUp():244}()
#14 C:\\xampp\\htdocs\\projeto-web-2-teste-ssh\\vendor\\laravel\\framework\\src\\Illuminate\\Database\\Migrations\\Migrator.php(798): Illuminate\\Console\\View\\Components\\Task->render()
#15 C:\\xampp\\htdocs\\projeto-web-2-teste-ssh\\vendor\\laravel\\framework\\src\\Illuminate\\Database\\Migrations\\Migrator.php(244): Illuminate\\Database\\Migrations\\Migrator->write()
#16 C:\\xampp\\htdocs\\projeto-web-2-teste-ssh\\vendor\\laravel\\framework\\src\\Illuminate\\Database\\Migrations\\Migrator.php(211): Illuminate\\Database\\Migrations\\Migrator->runUp()
#17 C:\\xampp\\htdocs\\projeto-web-2-teste-ssh\\vendor\\laravel\\framework\\src\\Illuminate\\Database\\Migrations\\Migrator.php(138): Illuminate\\Database\\Migrations\\Migrator->runPending()
#18 C:\\xampp\\htdocs\\projeto-web-2-teste-ssh\\vendor\\laravel\\framework\\src\\Illuminate\\Database\\Console\\Migrations\\MigrateCommand.php(117): Illuminate\\Database\\Migrations\\Migrator->run()
#19 C:\\xampp\\htdocs\\projeto-web-2-teste-ssh\\vendor\\laravel\\framework\\src\\Illuminate\\Database\\Migrations\\Migrator.php(658): Illuminate\\Database\\Console\\Migrations\\MigrateCommand->{closure:Illuminate\\Database\\Console\\Migrations\\MigrateCommand::runMigrations():110}()
#20 C:\\xampp\\htdocs\\projeto-web-2-teste-ssh\\vendor\\laravel\\framework\\src\\Illuminate\\Database\\Console\\Migrations\\MigrateCommand.php(110): Illuminate\\Database\\Migrations\\Migrator->usingConnection()
#21 C:\\xampp\\htdocs\\projeto-web-2-teste-ssh\\vendor\\laravel\\framework\\src\\Illuminate\\Database\\Console\\Migrations\\MigrateCommand.php(89): Illuminate\\Database\\Console\\Migrations\\MigrateCommand->runMigrations()
#22 C:\\xampp\\htdocs\\projeto-web-2-teste-ssh\\vendor\\laravel\\framework\\src\\Illuminate\\Container\\BoundMethod.php(36): Illuminate\\Database\\Console\\Migrations\\MigrateCommand->handle()
#23 C:\\xampp\\htdocs\\projeto-web-2-teste-ssh\\vendor\\laravel\\framework\\src\\Illuminate\\Container\\Util.php(43): Illuminate\\Container\\BoundMethod::{closure:Illuminate\\Container\\BoundMethod::call():35}()
#24 C:\\xampp\\htdocs\\projeto-web-2-teste-ssh\\vendor\\laravel\\framework\\src\\Illuminate\\Container\\BoundMethod.php(95): Illuminate\\Container\\Util::unwrapIfClosure()
#25 C:\\xampp\\htdocs\\projeto-web-2-teste-ssh\\vendor\\laravel\\framework\\src\\Illuminate\\Container\\BoundMethod.php(35): Illuminate\\Container\\BoundMethod::callBoundMethod()
#26 C:\\xampp\\htdocs\\projeto-web-2-teste-ssh\\vendor\\laravel\\framework\\src\\Illuminate\\Container\\Container.php(696): Illuminate\\Container\\BoundMethod::call()
#27 C:\\xampp\\htdocs\\projeto-web-2-teste-ssh\\vendor\\laravel\\framework\\src\\Illuminate\\Console\\Command.php(213): Illuminate\\Container\\Container->call()
#28 C:\\xampp\\htdocs\\projeto-web-2-teste-ssh\\vendor\\symfony\\console\\Command\\Command.php(318): Illuminate\\Console\\Command->execute()
#29 C:\\xampp\\htdocs\\projeto-web-2-teste-ssh\\vendor\\laravel\\framework\\src\\Illuminate\\Console\\Command.php(182): Symfony\\Component\\Console\\Command\\Command->run()
#30 C:\\xampp\\htdocs\\projeto-web-2-teste-ssh\\vendor\\symfony\\console\\Application.php(1110): Illuminate\\Console\\Command->run()
#31 C:\\xampp\\htdocs\\projeto-web-2-teste-ssh\\vendor\\symfony\\console\\Application.php(359): Symfony\\Component\\Console\\Application->doRunCommand()
#32 C:\\xampp\\htdocs\\projeto-web-2-teste-ssh\\vendor\\symfony\\console\\Application.php(194): Symfony\\Component\\Console\\Application->doRun()
#33 C:\\xampp\\htdocs\\projeto-web-2-teste-ssh\\vendor\\laravel\\framework\\src\\Illuminate\\Foundation\\Console\\Kernel.php(198): Symfony\\Component\\Console\\Application->run()
#34 C:\\xampp\\htdocs\\projeto-web-2-teste-ssh\\artisan(13): Illuminate\\Foundation\\Console\\Kernel->handle()
#35 {main}
"} 
